2023-02-13.09:12:03.066491 3015807(f2.txt) cat(29566,29567,1000,read) None
2023-02-13.09:12:03.068632 3014658(name1) gzip(29566,29568,1000,zip) 3014661(name1.gz)
2023-02-13.09:12:03.068632 3014662(name3) gzip(29566,29568,1000,zip) 3014658(name3.gz)
2023-02-13.09:12:03.071088 3014661(name1.gz) gzip(29566,29569,1000,unzip) 3014662(name1)
2023-02-13.09:12:03.071088 3014658(name3.gz) gzip(29566,29569,1000,unzip) 3014661(name3)
2023-02-13.09:12:03.073359 None mkdir(29566,29570,1000,mkdir) 3014658(hh)
2023-02-13.09:12:03.075547 3014658(hh) rmdir(29566,29571,1000,rmdir) None
2023-02-13.09:12:03.077840 None touch(29566,29572,1000,create) 3014658(111)
2023-02-13.09:12:03.079439 3014658(111) rm(29566,29573,1000,remove) None
2023-02-13.09:12:03.081290 3015807(f2.txt) split(29566,29574,1000,split) 3014658(xaa)
2023-02-13.09:12:03.081290 3015807(f2.txt) split(29566,29574,1000,split) 3014758(xab)
2023-02-13.09:12:03.081290 3015807(f2.txt) split(29566,29574,1000,split) 3014760(xac)
2023-02-13.09:12:03.081290 3015807(f2.txt) split(29566,29574,1000,split) 3014762(xad)
2023-02-13.09:12:03.084283 3014658(xaa) rm(29566,29575,1000,remove) None
2023-02-13.09:12:03.084283 3014758(xab) rm(29566,29575,1000,remove) None
2023-02-13.09:12:03.084283 3014760(xac) rm(29566,29575,1000,remove) None
2023-02-13.09:12:03.084283 3014762(xad) rm(29566,29575,1000,remove) None
2023-02-13.09:12:03.086487 3014662(name1) mv(29566,29576,1000,create) 3014662(test/name1)
2023-02-13.09:12:03.088418 3014662(test/name1) cp(29566,29577,1000,create) 3014658(name1)
2023-02-13.09:12:03.090274 3014658(name1) mv(29566,29578,1000,cover) 3014658(test/name1)
2023-02-13.09:12:03.090274 3014661(name3) mv(29566,29578,1000,create) 3014661(test/name3)
2023-02-13.09:12:03.092150 3014658(test/name1) mv(29566,29579,1000,create) 3014658(name1)
2023-02-13.09:12:03.092150 3014661(test/name3) mv(29566,29579,1000,create) 3014661(name3)
2023-02-13.09:12:03.093709 3014658(name1) mv(29566,29580,1000,create) 3014658(name2)
2023-02-13.09:12:03.095234 3014658(name2) cp(29566,29581,1000,create) 3014662(name1)
2023-02-13.09:12:03.096855 3014662(name1) mv(29566,29582,1000,cover) 3014662(name2)
2023-02-13.09:12:03.098517 3014662(name2) mv(29566,29583,1000,create) 3014662(name1)
2023-02-13.09:12:03.102144 3014662(name1) zip(29566,29584,1000,create) 3014658(name.zip)
2023-02-13.09:12:03.102144 3014661(name3) zip(29566,29584,1000,create) 3014658(name.zip)
2023-02-13.09:12:03.103663 3014662(name1) zip(29566,29585,1000,cover) 3014758(name.zip)
2023-02-13.09:12:03.103663 3014661(name3) zip(29566,29585,1000,cover) 3014758(name.zip)
2023-02-13.09:12:03.105512 3014758(name.zip) unzip(29566,29586,1000,unzip) 3014658(name1)
2023-02-13.09:12:03.105512 3014758(name.zip) unzip(29566,29586,1000,unzip) 3014662(name2)
2023-02-13.09:12:06.580081 3014758(name.zip) rm(29566,29596,1000,remove) None
2023-02-13.09:12:06.580081 3014662(name2) rm(29566,29596,1000,remove) None
2023-02-13.09:12:06.582778 3014658(name1) cp(29566,29597,1000,create) 3014662(name2)
2023-02-13.09:12:06.585582 3014658(name1) cp(29566,29598,1000,cover) 3014662(name2)
2023-02-13.09:12:06.589762 3014661(name3) cp(29566,29599,1000,create) 3014758(name4)
2023-02-13.09:12:06.592655 3014661(name3) cp(29566,29600,1000,cover) 3014758(name4)
2023-02-13.09:12:06.594908 3014658(name1) cp(29566,29601,1000,create) 3014760(test/name1)
2023-02-13.09:12:06.594908 3014661(name3) cp(29566,29601,1000,create) 3014762(test/name3)
2023-02-13.09:12:06.597066 3014658(name1) cp(29566,29602,1000,cover) 3014760(test/name1)
2023-02-13.09:12:06.597066 3014661(name3) cp(29566,29602,1000,cover) 3014762(test/name3)
2023-02-13.09:12:06.598872 3014662(name2) rm(29566,29603,1000,remove) None
2023-02-13.09:12:06.598872 3014758(name4) rm(29566,29603,1000,remove) None
2023-02-13.09:12:06.598872 3014760(test/name1) rm(29566,29603,1000,remove) None
2023-02-13.09:12:06.598872 3014762(test/name3) rm(29566,29603,1000,remove) None
